2026/02/13 00:20:42 dial tcp [::1]:6379: connect: connection refused
2026/02/13 12:38:46 [INFO] Running in test mode
2026/02/13 12:38:46 [INFO] Crawler cleared MongoDB and Redis
2026/02/13 14:13:46 [INFO] Running in test mode
2026/02/13 14:13:46 [INFO] Crawler cleared MongoDB and Redis
2026/02/13 20:44:06 [INFO] Running in test mode
2026/02/13 20:44:06 [INFO] Crawler cleared MongoDB and Redis
2026/02/13 20:56:05 [INFO] Running in test mode
2026/02/13 20:56:05 [INFO] Crawler cleared MongoDB and Redis
2026/02/13 20:56:19 [FOUND] 1, アイドルマスター　急降下爆撃～STUKA Lied2008～　スツーカリート.flv - https://www.vidlii.com/watch?v=K5u6i67Cg3e
2026/02/13 21:01:21 [INFO] Running in test mode
2026/02/13 21:01:21 [INFO] Crawler cleared MongoDB and Redis
2026/02/13 21:01:31 [FOUND] 1, アイドルマスター　急降下爆撃～STUKA Lied2008～　スツーカリート.flv - https://www.vidlii.com/watch?v=K5u6i67Cg3e
2026/02/13 21:02:18 [FOUND] 2, 【HTF】フリティブフェイス【ネイティブフェイス】[Native Flippy] - https://www.vidlii.com/watch?v=_2TpAfZFQIq
2026/02/13 21:02:21 [FOUND] 3, アニメカービィ×こどものじかんED【手書き】 - https://www.vidlii.com/watch?v=HVQIKQzLGCf
2026/02/13 21:02:21 [FOUND] 4, ニコニコ動画流星群　【☆一周年おめ☆】　FULL　Ryuuseigun 1yr Anniversary - https://www.vidlii.com/watch?v=4aKJgdaKd6B
2026/02/13 21:05:59 [INFO] Running in test mode
2026/02/13 21:05:59 [INFO] Crawler cleared MongoDB and Redis
2026/02/13 21:06:00 [FOUND] 1, アイドルマスター　急降下爆撃～STUKA Lied2008～　スツーカリート.flv - https://www.vidlii.com/watch?v=K5u6i67Cg3e
2026/02/13 21:06:50 [FOUND] 2, ニコニコ動画流星群　【☆一周年おめ☆】　FULL　Ryuuseigun 1yr Anniversary - https://www.vidlii.com/watch?v=4aKJgdaKd6B
2026/02/13 21:06:58 [FOUND] 3, 【HTF】フリティブフェイス【ネイティブフェイス】[Native Flippy] - https://www.vidlii.com/watch?v=_2TpAfZFQIq
2026/02/13 21:07:02 [FOUND] 4, アニメカービィ×こどものじかんED【手書き】 - https://www.vidlii.com/watch?v=HVQIKQzLGCf
2026/02/13 21:07:12 [FOUND] 5, Daicon IV Opening Animations ダイコンフィルム ダイコン フォー アニメ - https://www.vidlii.com/watch?v=IWE_KvYQTXP
2026/02/13 21:07:15 [FOUND] 6, 纤夫的爱尹相杰;于文华 - https://www.vidlii.com/watch?v=r9qeTIaIhuy
2026/02/13 21:07:19 [FOUND] 7, スネ夫がRED ZONEをプレイするときに流れている曲（フル） - https://www.vidlii.com/watch?v=SUyYsyKPel9
